<?xml version="1.0" encoding="UTF-8"?>
<!-- Generated by org.testng.reporters.JUnitXMLReporter -->
<testsuite ignored="2" hostname="Nishan" failures="0" tests="2" name="RGTest" time="0.053" errors="0" timestamp="2025-03-18T16:35:33 IST">
  <testcase classname="Pack1.ContactTest" name="ModifycontactTest" time="0.007"/>
  <testcase classname="Pack2.OrgTest" name="ModifyOrgTest" time="0.001"/>
  <testcase classname="Pack1.ContactTest" name="createcontactTest" time="0.0">
    <ignored/>
  </testcase> <!-- createcontactTest -->
  <testcase classname="Pack2.OrgTest" name="createOrgTest" time="0.0">
    <ignored/>
  </testcase> <!-- createOrgTest -->
</testsuite> <!-- RGTest -->
