<?xml version="1.0" encoding="UTF-8"?>
<!-- Generated by org.testng.reporters.JUnitXMLReporter -->
<testsuite ignored="2" hostname="Nishan" failures="0" tests="2" name="SmokeTest" time="0.062" errors="0" timestamp="2025-03-18T16:34:24 IST">
  <testcase classname="Pack1.ContactTest" name="createcontactTest" time="0.007"/>
  <testcase classname="Pack2.OrgTest" name="createOrgTest" time="0.003"/>
  <testcase classname="Pack1.ContactTest" name="ModifycontactTest" time="0.0">
    <ignored/>
  </testcase> <!-- ModifycontactTest -->
  <testcase classname="Pack2.OrgTest" name="ModifyOrgTest" time="0.0">
    <ignored/>
  </testcase> <!-- ModifyOrgTest -->
</testsuite> <!-- SmokeTest -->
