<?xml version="1.0" encoding="UTF-8"?>
<!-- Generated by org.testng.reporters.JUnitXMLReporter -->
<testsuite ignored="0" hostname="Nishan" failures="0" tests="4" name="Test" time="0.07" errors="0" timestamp="2025-03-18T16:22:32 IST">
  <testcase classname="Pack1.ContactTest" name="ModifycontactTest" time="0.007"/>
  <testcase classname="Pack1.ContactTest" name="createcontactTest" time="0.002"/>
  <testcase classname="Pack2.OrgTest" name="ModifyOrgTest" time="0.002"/>
  <testcase classname="Pack2.OrgTest" name="createOrgTest" time="0.002"/>
</testsuite> <!-- Test -->
