<?xml version="1.0" encoding="UTF-8"?>
<testng-results ignored="0" total="1" passed="1" failed="0" skipped="0">
  <reporter-output>
  </reporter-output>
  <suite started-at="2025-03-18T18:16:56 IST" name="Default suite" finished-at="2025-03-18T18:16:56 IST" duration-ms="48">
    <groups>
      <group name="RegressionTest">
        <method signature="OrgTest.ModifyOrgTest(java.lang.reflect.Method)[pri:0, instance:Pack2.OrgTest@145f66e3]" name="ModifyOrgTest" class="Pack2.OrgTest"/>
      </group> <!-- RegressionTest -->
    </groups>
    <test started-at="2025-03-18T18:16:56 IST" name="Default test" finished-at="2025-03-18T18:16:56 IST" duration-ms="48">
      <class name="Pack2.OrgTest">
        <test-method signature="ModifyOrgTest(java.lang.reflect.Method)[pri:0, instance:Pack2.OrgTest@145f66e3]" started-at="2025-03-18T18:16:56 IST" name="ModifyOrgTest" finished-at="2025-03-18T18:16:56 IST" duration-ms="12" status="PASS">
          <params>
            <param index="0">
              <value>
                <![CDATA[public void Pack2.OrgTest.ModifyOrgTest(java.lang.reflect.Method)]]>
              </value>
            </param>
          </params>
          <reporter-output>
          </reporter-output>
        </test-method> <!-- ModifyOrgTest -->
      </class> <!-- Pack2.OrgTest -->
    </test> <!-- Default test -->
  </suite> <!-- Default suite -->
</testng-results>
